[debug] ----------------------------------------------------------------------
[debug] Command:      C:\Program Files\nodejs\node.exe C:\Users\MARIETTE\AppData\Roaming\npm\node_modules\firebase-tools\bin\firebase deploy --project test
[debug] CLI Version:  3.2.0
[debug] Platform:     win32
[debug] Node Version: v6.5.0
[debug] Time:         Thu Dec 15 2016 13:31:02 GMT+0100 (Paris, Madrid)
[debug] ----------------------------------------------------------------------
[debug] 
[debug] > command requires scopes: ["email","openid","https://www.googleapis.com/auth/cloudplatformprojects.readonly","https://www.googleapis.com/auth/firebase"]
[debug] >>> HTTP REQUEST GET https://admin.firebase.com/v1/projects/test-14bbe 
[debug] <<< HTTP RESPONSE 200
[debug] >>> HTTP REQUEST GET https://admin.firebase.com/v1/database/test-14bbe/tokens 
[debug] <<< HTTP RESPONSE 200
[info] 
[info] === Deploying to 'test-14bbe'...
[info] 
[info] i  deploying database, hosting
[info] +  database: rules ready to deploy.
[info] i  hosting: preparing dist directory for upload...
[debug] >>> HTTP REQUEST PUT https://deploy.firebase.com/v1/hosting/test-14bbe/uploads/-KZ1SjXgMwqdOY1c8CcB?fileCount=28&message= 
